<?xml version="1.0" encoding="UTF-8"?>
<!-- Generated by org.testng.reporters.JUnitReportReporter -->
<testsuite skipped="0" hostname="Dhinesh-PC" name="testCases.TC002_EditLead" tests="1" failures="0" timestamp="06 May 2017 16:09:00 GMT" time="37.202" errors="0">
  <testcase name="editLead" time="37.202" classname="testCases.TC002_EditLead"/>
</testsuite> <!-- testCases.TC002_EditLead -->
