<?xml version="1.0" encoding="UTF-8"?>
<!-- Generated by org.testng.reporters.JUnitReportReporter -->
<testsuite skipped="0" hostname="Dhinesh-PC" name="testCases.TC004_MergeLead" tests="1" failures="0" timestamp="06 May 2017 16:09:00 GMT" time="45.451" errors="0">
  <testcase name="createLead" time="45.451" classname="testCases.TC004_MergeLead"/>
</testsuite> <!-- testCases.TC004_MergeLead -->
