<?xml version="1.0" encoding="UTF-8"?>
<!-- Generated by org.testng.reporters.JUnitReportReporter -->
<testsuite skipped="0" hostname="Dhinesh-PC" name="testCases.TC003_DuplicateLead" tests="1" failures="0" timestamp="06 May 2017 16:09:00 GMT" time="29.306" errors="0">
  <testcase name="duplicateLead" time="29.306" classname="testCases.TC003_DuplicateLead"/>
</testsuite> <!-- testCases.TC003_DuplicateLead -->
