<?xml version="1.0" encoding="UTF-8"?>
<!-- Generated by org.testng.reporters.JUnitReportReporter -->
<testsuite skipped="0" hostname="Dhinesh-PC" name="testCases.TC005_DeleteLead" tests="1" failures="0" timestamp="06 May 2017 16:09:00 GMT" time="28.428" errors="0">
  <testcase name="deleteLead" time="28.428" classname="testCases.TC005_DeleteLead"/>
</testsuite> <!-- testCases.TC005_DeleteLead -->
